  Building 'input' with toolset 'WindowsKernelModeDriver10.0' and the 'Universal' target platform.
  Stamping x64\Release\input.inf
  Stamping [Version] section with DriverVer=07/18/2024,23.55.11.558
  Driver.c
  input.vcxproj -> C:\kernel-debugging\driver\x64\Release\input.sys
  Done Adding Additional Store
  Successfully signed: C:\kernel-debugging\driver\x64\Release\input.sys
  
  Driver is 'Universal'.
  .........................
  Signability test complete.
  
  Errors:
  None
  
  Warnings:
  None
  
  Catalog generation complete.
  C:\kernel-debugging\driver\x64\Release\input\input.cat
  Done Adding Additional Store
  Successfully signed: C:\kernel-debugging\driver\x64\Release\input\input.cat
  
  'pwsh.exe' is not recognized as an internal or external command,
  operable program or batch file.
